This is pdfTeX, Version 3.14159265-2.6-1.40.19 (MiKTeX 2.9.6930 64-bit) (preloaded format=pdflatex 2019.3.22)  16 OCT 2019 16:15
entering extended mode
**./articulo.tex
(articulo.tex
LaTeX2e <2018-12-01>
(D:\miktext\tex/latex/base\article.cls
Document Class: article 2018/09/03 v1.4i Standard LaTeX document class
(D:\miktext\tex/latex/base\size10.clo
File: size10.clo 2018/09/03 v1.4i Standard LaTeX file (size option)
)
\c@part=\count80
\c@section=\count81
\c@subsection=\count82
\c@subsubsection=\count83
\c@paragraph=\count84
\c@subparagraph=\count85
\c@figure=\count86
\c@table=\count87
\abovecaptionskip=\skip41
\belowcaptionskip=\skip42
\bibindent=\dimen102
)
(D:\miktext\tex/latex/blindtext\blindtext.sty
Package: blindtext 2012/01/06 V2.0 blindtext-Package

(D:\miktext\tex/latex/tools\xspace.sty
Package: xspace 2014/10/28 v1.13 Space after command names (DPC,MH)
)
\c@blindtext=\count88
\c@Blindtext=\count89
\c@blind@countparstart=\count90
\blind@countxx=\count91
\blindtext@numBlindtext=\count92
\blind@countyy=\count93
\c@blindlist=\count94
\c@blindlistlevel=\count95
\c@blindlist@level=\count96
\blind@listitem=\count97
\c@blind@listcount=\count98
\c@blind@levelcount=\count99
\blind@mathformula=\count100
\blind@Mathformula=\count101
\c@blind@randomcount=\count102
\c@blind@randommax=\count103
\c@blind@pangramcount=\count104
\c@blind@pangrammax=\count105
)
(D:\miktext\tex/latex/graphics\graphicx.sty
Package: graphicx 2017/06/01 v1.1a Enhanced LaTeX Graphics (DPC,SPQR)

(D:\miktext\tex/latex/graphics\keyval.sty
Package: keyval 2014/10/28 v1.15 key=value parser (DPC)
\KV@toks@=\toks14
)
(D:\miktext\tex/latex/graphics\graphics.sty
Package: graphics 2017/06/25 v1.2c Standard LaTeX Graphics (DPC,SPQR)

(D:\miktext\tex/latex/graphics\trig.sty
Package: trig 2016/01/03 v1.10 sin cos tan (DPC)
)
(D:\miktext\tex/latex/graphics-cfg\graphics.cfg
File: graphics.cfg 2016/06/04 v1.11 sample graphics configuration
)
Package graphics Info: Driver file: pdftex.def on input line 99.

(D:\miktext\tex/latex/graphics-def\pdftex.def
File: pdftex.def 2018/01/08 v1.0l Graphics/color driver for pdftex
))
\Gin@req@height=\dimen103
\Gin@req@width=\dimen104
)
(D:\miktext\tex/latex/psnfss\mathpazo.sty
Package: mathpazo 2005/04/12 PSNFSS-v9.2a Palatino w/ Pazo Math (D.Puga, WaS) 
\symupright=\mathgroup4
)
(D:\miktext\tex/latex/base\fontenc.sty
Package: fontenc 2018/08/11 v2.0j Standard LaTeX package
 (D:\miktext\tex/latex/base\t1enc.def
File: t1enc.def 2018/08/11 v2.0j Standard LaTeX file
LaTeX Font Info:    Redeclaring font encoding T1 on input line 48.
))
(D:\miktext\tex/latex/microtype\microtype.sty
Package: microtype 2019/02/28 v2.7b Micro-typographical refinements (RS)
\MT@toks=\toks15
\MT@count=\count106
LaTeX Info: Redefining \textls on input line 790.
\MT@outer@kern=\dimen105
LaTeX Info: Redefining \textmicrotypecontext on input line 1336.
\MT@listname@count=\count107

(D:\miktext\tex/latex/microtype\microtype-pdftex.def
File: microtype-pdftex.def 2019/02/28 v2.7b Definitions specific to pdftex (RS)

LaTeX Info: Redefining \lsstyle on input line 914.
LaTeX Info: Redefining \lslig on input line 914.
\MT@outer@space=\skip43
)
Package microtype Info: Loading configuration file microtype.cfg.

(D:\miktext\tex/latex/microtype\microtype.cfg
File: microtype.cfg 2019/02/28 v2.7b microtype main configuration file (RS)
))
(D:\miktext\tex/generic/babel\babel.sty
Package: babel 2018/11/13 3.27 The Babel package

(D:\miktext\tex/generic/babel\switch.def
File: switch.def 2018/11/13 3.27 Babel switching mechanism
)
*************************************
* Local config file bblopts.cfg used
*
(D:\miktext\tex/latex/arabi\bblopts.cfg
File: bblopts.cfg 2005/09/08 v0.1 add Arabic and Farsi to "declared" options of
 babel
)
(D:\miktext\tex/latex/babel-english\english.ldf
Language: english 2017/06/06 v3.3r English support from the babel system

(D:\miktext\tex/generic/babel\babel.def
File: babel.def 2018/11/13 3.27 Babel common definitions
\babel@savecnt=\count108
\U@D=\dimen106

(D:\miktext\tex/generic/babel\txtbabel.def)
\bbl@dirlevel=\count109
)
\l@canadian = a dialect from \language\l@american 
\l@australian = a dialect from \language\l@british 
\l@newzealand = a dialect from \language\l@british 
))
(D:\miktext\tex/latex/geometry\geometry.sty
Package: geometry 2018/04/16 v5.8 Page Geometry

(D:\miktext\tex/generic/oberdiek\ifpdf.sty
Package: ifpdf 2018/09/07 v3.3 Provides the ifpdf switch
)
(D:\miktext\tex/generic/oberdiek\ifvtex.sty
Package: ifvtex 2016/05/16 v1.6 Detect VTeX and its facilities (HO)
Package ifvtex Info: VTeX not detected.
)
(D:\miktext\tex/generic/ifxetex\ifxetex.sty
Package: ifxetex 2010/09/12 v0.6 Provides ifxetex conditional
)
\Gm@cnth=\count110
\Gm@cntv=\count111
\c@Gm@tempcnt=\count112
\Gm@bindingoffset=\dimen107
\Gm@wd@mp=\dimen108
\Gm@odd@mp=\dimen109
\Gm@even@mp=\dimen110
\Gm@layoutwidth=\dimen111
\Gm@layoutheight=\dimen112
\Gm@layouthoffset=\dimen113
\Gm@layoutvoffset=\dimen114
\Gm@dimlist=\toks16

(D:\miktext\tex/latex/geometry\geometry.cfg))
(D:\miktext\tex/latex/caption\caption.sty
Package: caption 2018/10/06 v3.3-154 Customizing captions (AR)

(D:\miktext\tex/latex/caption\caption3.sty
Package: caption3 2018/09/12 v1.8c caption3 kernel (AR)
Package caption3 Info: TeX engine: e-TeX on input line 64.
\captionmargin=\dimen115
\captionmargin@=\dimen116
\captionwidth=\dimen117
\caption@tempdima=\dimen118
\caption@indent=\dimen119
\caption@parindent=\dimen120
\caption@hangindent=\dimen121
)
\c@caption@flags=\count113
\c@ContinuedFloat=\count114
)
(D:\miktext\tex/latex/booktabs\booktabs.sty
Package: booktabs 2005/04/14 v1.61803 publication quality tables
\heavyrulewidth=\dimen122
\lightrulewidth=\dimen123
\cmidrulewidth=\dimen124
\belowrulesep=\dimen125
\belowbottomsep=\dimen126
\aboverulesep=\dimen127
\abovetopsep=\dimen128
\cmidrulesep=\dimen129
\cmidrulekern=\dimen130
\defaultaddspace=\dimen131
\@cmidla=\count115
\@cmidlb=\count116
\@aboverulesep=\dimen132
\@belowrulesep=\dimen133
\@thisruleclass=\count117
\@lastruleclass=\count118
\@thisrulewidth=\dimen134
)
(D:\miktext\tex/latex/lettrine\lettrine.sty
File: lettrine.sty 2019-04-06 v2.22 (Daniel Flipo)

(D:\miktext\tex/generic/minifp\minifp.sty
Package: minifp 2013/12/30 v0.96. Macros for real number operations and a stack
-based programing language.
\MFP@loopctr=\count119
)
\c@DefaultLines=\count120
\c@DefaultDepth=\count121
\DefaultFindent=\dimen135
\DefaultNindent=\dimen136
\DefaultSlope=\dimen137
\DiscardVskip=\dimen138
\L@lbox=\box27
\L@tbox=\box28
\c@L@lines=\count122
\c@L@depth=\count123
\L@Pindent=\dimen139
\L@Findent=\dimen140
\L@Nindent=\dimen141
\L@lraise=\dimen142
\L@first=\dimen143
\L@next=\dimen144
\L@slope=\dimen145
\L@height=\dimen146
\L@novskip=\dimen147
\L@target@ht=\dimen148
\L@target@dp=\dimen149
\L@target@tht=\dimen150
\LettrineWidth=\dimen151
\LettrineHeight=\dimen152
\LettrineDepth=\dimen153
\Llist@everypar=\toks17

Loading lettrine.cfg
(D:\miktext\tex/latex/lettrine\lettrine.cfg))
(D:\miktext\tex/latex/enumitem\enumitem.sty
Package: enumitem 2019/02/04 v3.8 Customized lists
\labelindent=\skip44
\enit@outerparindent=\dimen154
\enit@toks=\toks18
\enit@inbox=\box29
\enit@count@id=\count124
\enitdp@description=\count125
)
(D:\miktext\tex/latex/abstract\abstract.sty
Package: abstract 2009/06/08 v1.2a configurable abstracts
\abstitleskip=\skip45
\absleftindent=\skip46
\absrightindent=\skip47
\absparindent=\skip48
\absparsep=\skip49
)
(D:\miktext\tex/latex/titlesec\titlesec.sty
Package: titlesec 2016/03/21 v2.10.2 Sectioning titles
\ttl@box=\box30
\beforetitleunit=\skip50
\aftertitleunit=\skip51
\ttl@plus=\dimen155
\ttl@minus=\dimen156
\ttl@toksa=\toks19
\titlewidth=\dimen157
\titlewidthlast=\dimen158
\titlewidthfirst=\dimen159
)
(D:\miktext\tex/latex/titlesec\block.tss
File: block.tss 2016/03/15
)
(D:\miktext\tex/latex/fancyhdr\fancyhdr.sty
Package: fancyhdr 2019/01/31 v3.10 Extensive control of page headers and footer
s
\f@nch@headwidth=\skip52
\f@nch@O@elh=\skip53
\f@nch@O@erh=\skip54
\f@nch@O@olh=\skip55
\f@nch@O@orh=\skip56
\f@nch@O@elf=\skip57
\f@nch@O@erf=\skip58
\f@nch@O@olf=\skip59
\f@nch@O@orf=\skip60
)
(D:\miktext\tex/latex/titling\titling.sty
Package: titling 2009/09/04 v2.1d maketitle typesetting
\thanksmarkwidth=\skip61
\thanksmargin=\skip62
\droptitle=\skip63
)
(D:\miktext\tex/latex/hyperref\hyperref.sty
Package: hyperref 2018/11/30 v6.88e Hypertext links for LaTeX

(D:\miktext\tex/generic/oberdiek\hobsub-hyperref.sty
Package: hobsub-hyperref 2016/05/16 v1.14 Bundle oberdiek, subset hyperref (HO)


(D:\miktext\tex/generic/oberdiek\hobsub-generic.sty
Package: hobsub-generic 2016/05/16 v1.14 Bundle oberdiek, subset generic (HO)
Package: hobsub 2016/05/16 v1.14 Construct package bundles (HO)
Package: infwarerr 2016/05/16 v1.4 Providing info/warning/error messages (HO)
Package: ltxcmds 2016/05/16 v1.23 LaTeX kernel commands for general use (HO)
Package: ifluatex 2016/05/16 v1.4 Provides the ifluatex switch (HO)
Package ifluatex Info: LuaTeX not detected.
Package hobsub Info: Skipping package `ifvtex' (already loaded).
Package: intcalc 2016/05/16 v1.2 Expandable calculations with integers (HO)
Package hobsub Info: Skipping package `ifpdf' (already loaded).
Package: etexcmds 2016/05/16 v1.6 Avoid name clashes with e-TeX commands (HO)
Package: kvsetkeys 2016/05/16 v1.17 Key value parser (HO)
Package: kvdefinekeys 2016/05/16 v1.4 Define keys (HO)
Package: pdftexcmds 2018/09/10 v0.29 Utility functions of pdfTeX for LuaTeX (HO
)
Package pdftexcmds Info: LuaTeX not detected.
Package pdftexcmds Info: \pdf@primitive is available.
Package pdftexcmds Info: \pdf@ifprimitive is available.
Package pdftexcmds Info: \pdfdraftmode found.
Package: pdfescape 2016/05/16 v1.14 Implements pdfTeX's escape features (HO)
Package: bigintcalc 2016/05/16 v1.4 Expandable calculations on big integers (HO
)
Package: bitset 2016/05/16 v1.2 Handle bit-vector datatype (HO)
Package: uniquecounter 2016/05/16 v1.3 Provide unlimited unique counter (HO)
)
Package hobsub Info: Skipping package `hobsub' (already loaded).
Package: letltxmacro 2016/05/16 v1.5 Let assignment for LaTeX macros (HO)
Package: hopatch 2016/05/16 v1.3 Wrapper for package hooks (HO)
Package: xcolor-patch 2016/05/16 xcolor patch
Package: atveryend 2016/05/16 v1.9 Hooks at the very end of document (HO)
Package atveryend Info: \enddocument detected (standard20110627).
Package: atbegshi 2016/06/09 v1.18 At begin shipout hook (HO)
Package: refcount 2016/05/16 v3.5 Data extraction from label references (HO)
Package: hycolor 2016/05/16 v1.8 Color options for hyperref/bookmark (HO)
)
(D:\miktext\tex/latex/oberdiek\auxhook.sty
Package: auxhook 2016/05/16 v1.4 Hooks for auxiliary files (HO)
)
(D:\miktext\tex/latex/oberdiek\kvoptions.sty
Package: kvoptions 2016/05/16 v3.12 Key value format for package options (HO)
)
\@linkdim=\dimen160
\Hy@linkcounter=\count126
\Hy@pagecounter=\count127

(D:\miktext\tex/latex/hyperref\pd1enc.def
File: pd1enc.def 2018/11/30 v6.88e Hyperref: PDFDocEncoding definition (HO)
Now handling font encoding PD1 ...
... no UTF-8 mapping file for font encoding PD1
)
\Hy@SavedSpaceFactor=\count128

(D:\miktext\tex/latex/00miktex\hyperref.cfg
File: hyperref.cfg 2002/06/06 v1.2 hyperref configuration of TeXLive
)
Package hyperref Info: Hyper figures OFF on input line 4519.
Package hyperref Info: Link nesting OFF on input line 4524.
Package hyperref Info: Hyper index ON on input line 4527.
Package hyperref Info: Plain pages OFF on input line 4534.
Package hyperref Info: Backreferencing OFF on input line 4539.
Package hyperref Info: Implicit mode ON; LaTeX internals redefined.
Package hyperref Info: Bookmarks ON on input line 4772.
\c@Hy@tempcnt=\count129
 (D:\miktext\tex/latex/url\url.sty
\Urlmuskip=\muskip10
Package: url 2013/09/16  ver 3.4  Verb mode for urls, etc.
)
LaTeX Info: Redefining \url on input line 5125.
\XeTeXLinkMargin=\dimen161
\Fld@menulength=\count130
\Field@Width=\dimen162
\Fld@charsize=\dimen163
Package hyperref Info: Hyper figures OFF on input line 6380.
Package hyperref Info: Link nesting OFF on input line 6385.
Package hyperref Info: Hyper index ON on input line 6388.
Package hyperref Info: backreferencing OFF on input line 6395.
Package hyperref Info: Link coloring OFF on input line 6400.
Package hyperref Info: Link coloring with OCG OFF on input line 6405.
Package hyperref Info: PDF/A mode OFF on input line 6410.
LaTeX Info: Redefining \ref on input line 6450.
LaTeX Info: Redefining \pageref on input line 6454.
\Hy@abspage=\count131
\c@Item=\count132
\c@Hfootnote=\count133
)
Package hyperref Info: Driver (autodetected): hpdftex.
 (D:\miktext\tex/latex/hyperref\hpdftex.def
File: hpdftex.def 2018/11/30 v6.88e Hyperref driver for pdfTeX
\Fld@listcount=\count134
\c@bookmark@seq@number=\count135

(D:\miktext\tex/latex/oberdiek\rerunfilecheck.sty
Package: rerunfilecheck 2016/05/16 v1.8 Rerun checks for auxiliary files (HO)
Package uniquecounter Info: New unique counter `rerunfilecheck' on input line 2
82.
)
\Hy@SectionHShift=\skip64
) (articulo.aux

LaTeX Warning: Label `' multiply defined.


LaTeX Warning: Label `' multiply defined.


LaTeX Warning: Label `' multiply defined.

)
\openout1 = `articulo.aux'.

LaTeX Font Info:    Checking defaults for OML/cmm/m/it on input line 84.
LaTeX Font Info:    ... okay on input line 84.
LaTeX Font Info:    Checking defaults for T1/cmr/m/n on input line 84.
LaTeX Font Info:    ... okay on input line 84.
LaTeX Font Info:    Checking defaults for OT1/cmr/m/n on input line 84.
LaTeX Font Info:    ... okay on input line 84.
LaTeX Font Info:    Checking defaults for OMS/cmsy/m/n on input line 84.
LaTeX Font Info:    ... okay on input line 84.
LaTeX Font Info:    Checking defaults for OMX/cmex/m/n on input line 84.
LaTeX Font Info:    ... okay on input line 84.
LaTeX Font Info:    Checking defaults for U/cmr/m/n on input line 84.
LaTeX Font Info:    ... okay on input line 84.
LaTeX Font Info:    Checking defaults for PD1/pdf/m/n on input line 84.
LaTeX Font Info:    ... okay on input line 84.
LaTeX Font Info:    Try loading font information for T1+pplx on input line 84.
 (D:\miktext\tex/latex/psnfss\t1pplx.fd
File: t1pplx.fd 2004/09/06 font definitions for T1/pplx.
)
(D:\miktext\tex/context/base/mkii\supp-pdf.mkii
[Loading MPS to PDF converter (version 2006.09.02).]
\scratchcounter=\count136
\scratchdimen=\dimen164
\scratchbox=\box31
\nofMPsegments=\count137
\nofMParguments=\count138
\everyMPshowfont=\toks20
\MPscratchCnt=\count139
\MPscratchDim=\dimen165
\MPnumerator=\count140
\makeMPintoPDFobject=\count141
\everyMPtoPDFconversion=\toks21
) (D:\miktext\tex/latex/oberdiek\epstopdf-base.sty
Package: epstopdf-base 2016/05/15 v2.6 Base part for package epstopdf

(D:\miktext\tex/latex/oberdiek\grfext.sty
Package: grfext 2016/05/16 v1.2 Manage graphics extensions (HO)
)
Package epstopdf-base Info: Redefining graphics rule for `.eps' on input line 4
38.
Package grfext Info: Graphics extension search list:
(grfext)             [.pdf,.png,.jpg,.mps,.jpeg,.jbig2,.jb2,.PDF,.PNG,.JPG,.JPE
G,.JBIG2,.JB2,.eps]
(grfext)             \AppendGraphicsExtensions on input line 456.
)
\big@size=\dimen166
LaTeX Info: Redefining \microtypecontext on input line 84.
Package microtype Info: Generating PDF output.
Package microtype Info: Character protrusion enabled (level 2).
Package microtype Info: Using default protrusion set `alltext'.
Package microtype Info: Automatic font expansion enabled (level 2),
(microtype)             stretch: 20, shrink: 20, step: 1, non-selected.
Package microtype Info: Using default expansion set `basictext'.
Package microtype Info: No adjustment of tracking.
Package microtype Info: No adjustment of interword spacing.
Package microtype Info: No adjustment of character kerning.

(D:\miktext\tex/latex/microtype\mt-ppl.cfg
File: mt-ppl.cfg 2005/11/16 v1.6 microtype config. file: Palatino (RS)
)
*geometry* driver: auto-detecting
*geometry* detected driver: pdftex
*geometry* verbose mode - [ preamble ] result:
* driver: pdftex
* paper: <default>
* layout: <same size as paper>
* layoutoffset:(h,v)=(0.0pt,0.0pt)
* hratio: 1:1
* modes: twoside 
* h-part:(L,W,R)=(92.14519pt, 430.00462pt, 92.14519pt)
* v-part:(T,H,B)=(91.04881pt, 608.5238pt, 95.39737pt)
* \paperwidth=614.295pt
* \paperheight=794.96999pt
* \textwidth=430.00462pt
* \textheight=608.5238pt
* \oddsidemargin=19.8752pt
* \evensidemargin=19.8752pt
* \topmargin=-18.22118pt
* \headheight=12.0pt
* \headsep=25.0pt
* \topskip=10.0pt
* \footskip=30.0pt
* \marginparwidth=48.0pt
* \marginparsep=10.0pt
* \columnsep=20.0pt
* \skip\footins=9.0pt plus 4.0pt minus 2.0pt
* \hoffset=0.0pt
* \voffset=0.0pt
* \mag=1000
* \@twocolumntrue
* \@twosidetrue
* \@mparswitchtrue
* \@reversemarginfalse
* (1in=72.27pt=25.4mm, 1cm=28.453pt)

Package caption Info: Begin \AtBeginDocument code.
Package caption Info: hyperref package is loaded.
Package caption Info: End \AtBeginDocument code.
\AtBeginShipoutBox=\box32
Package hyperref Info: Link coloring OFF on input line 84.
(D:\miktext\tex/latex/hyperref\nameref.sty
Package: nameref 2016/05/21 v2.44 Cross-referencing by name of section

(D:\miktext\tex/generic/oberdiek\gettitlestring.sty
Package: gettitlestring 2016/05/16 v1.5 Cleanup title references (HO)
)
\c@section@level=\count142
)
LaTeX Info: Redefining \ref on input line 84.
LaTeX Info: Redefining \pageref on input line 84.
LaTeX Info: Redefining \nameref on input line 84.
 (articulo.out)
(articulo.out)
\@outlinefile=\write3
\openout3 = `articulo.out'.

LaTeX Font Info:    Font shape `T1/pplx/bx/n' in size <24.88> not available
(Font)              Font shape `T1/pplx/b/n' tried instead on input line 88.
LaTeX Font Info:    Try loading font information for OT1+pplx on input line 88.

 (D:\miktext\tex/latex/psnfss\ot1pplx.fd
File: ot1pplx.fd 2004/09/06 font definitions for OT1/pplx.
)
LaTeX Font Info:    Try loading font information for OML+zplm on input line 88.


(D:\miktext\tex/latex/psnfss\omlzplm.fd
File: omlzplm.fd 2002/09/08 Fontinst v1.914 font definitions for OML/zplm.
)
LaTeX Font Info:    Try loading font information for OMS+zplm on input line 88.


(D:\miktext\tex/latex/psnfss\omszplm.fd
File: omszplm.fd 2002/09/08 Fontinst v1.914 font definitions for OMS/zplm.
)
LaTeX Font Info:    Try loading font information for OMX+zplm on input line 88.


(D:\miktext\tex/latex/psnfss\omxzplm.fd
File: omxzplm.fd 2002/09/08 Fontinst v1.914 font definitions for OMX/zplm.
)
LaTeX Font Info:    Try loading font information for OT1+zplm on input line 88.


(D:\miktext\tex/latex/psnfss\ot1zplm.fd
File: ot1zplm.fd 2002/09/08 Fontinst v1.914 font definitions for OT1/zplm.
)
Package microtype Info: Loading generic protrusion settings for font family
(microtype)             `zplm' (encoding: OT1).
(microtype)             For optimal results, create family-specific settings.
(microtype)             See the microtype manual for details.
LaTeX Font Info:    Font shape `T1/pplx/bx/n' in size <10> not available
(Font)              Font shape `T1/pplx/b/n' tried instead on input line 88.
Package microtype Info: Character `029' is missing
(microtype)             in font `T1/pplx/m/sc/12'.
(microtype)             Ignoring protrusion settings for this character.
Package microtype Info: Character `029' is missing
(microtype)             in font `T1/pplx/m/sc/10'.
(microtype)             Ignoring protrusion settings for this character.
Package lettrine.sty Info: Targeted height = 30.07506pt
(lettrine.sty)             (no accent, loversize=0),
(lettrine.sty)             Lettrine height = 30.07518pt (E);
(lettrine.sty)             reported on input line 94.
LaTeX Font Info:    Try loading font information for OMS+pplx on input line 107
.
LaTeX Font Info:    No file OMSpplx.fd. on input line 107.


LaTeX Font Warning: Font shape `OMS/pplx/m/n' undefined
(Font)              using `OMS/cmsy/m/n' instead
(Font)              for symbol `textbullet' on input line 107.


Underfull \hbox (badness 6332) in paragraph at lines 108--109
[]\T1/pplx/m/n/10 (+20) Desarrollar los an-tecedentes de las
 []


Underfull \hbox (badness 1286) in paragraph at lines 109--110
[]\T1/pplx/m/n/10 (+20) Comparativo de las metodolo-gias de-
 []


Underfull \hbox (badness 10000) in paragraph at lines 123--127

 []

[1{C:/Users/Usuario/AppData/Local/MiKTeX/2.9/pdftex/config/pdftex.map}


]
Underfull \hbox (badness 10000) in paragraph at lines 140--143

 []


Underfull \hbox (badness 1661) in paragraph at lines 140--143
\T1/pplx/m/n/10 (+20) po-dría ex-ten-derse a mu-chos de-par-ta-
 []


Underfull \hbox (badness 10000) in paragraph at lines 144--146

 []


Underfull \hbox (badness 10000) in paragraph at lines 147--148

 []

<Imagenes/datawarehouse_datamart.png, id=42, 566.86781pt x 290.58563pt>
File: Imagenes/datawarehouse_datamart.png Graphic file (type png)
<use Imagenes/datawarehouse_datamart.png>
Package pdftex.def Info: Imagenes/datawarehouse_datamart.png  used on input lin
e 151.
(pdftex.def)             Requested size: 199.16788pt x 142.26405pt.

Overfull \hbox (14.1656pt too wide) in paragraph at lines 151--152
[][] 
 []


Underfull \hbox (badness 1127) in paragraph at lines 155--156
[]\T1/pplx/m/n/10 (+20) Bill In-mon ve la necesi-dad de trans-
 []


Underfull \hbox (badness 1038) in paragraph at lines 155--156
\T1/pplx/m/n/10 (+20) ferir la in-for-ma-ción de los difer-entes
 []


Underfull \hbox (badness 10000) in paragraph at lines 155--156

 []


Underfull \hbox (badness 10000) in paragraph at lines 159--168

 []


Underfull \hbox (badness 1383) in paragraph at lines 159--168
\T1/pplx/b/n/10 Integrado \T1/pplx/m/n/10 (+20) La base de datos con-tiene
 []


Underfull \hbox (badness 10000) in paragraph at lines 159--168

 []


Underfull \hbox (badness 10000) in paragraph at lines 159--168

 []


Underfull \hbox (badness 3058) in paragraph at lines 159--168
\T1/pplx/b/n/10 Variante en el tiempo \T1/pplx/m/n/10 (+20) Los cam-bios
 []


Underfull \hbox (badness 10000) in paragraph at lines 159--168

 []


Underfull \hbox (badness 5217) in paragraph at lines 159--168
\T1/pplx/m/n/10 (+20) La in-for-ma-ción ha de es-tar a los
 []

[2 <./Imagenes/datawarehouse_datamart.png>]
<Imagenes/enfoque-inmon.jpg, id=53, 805.0075pt x 373.395pt>
File: Imagenes/enfoque-inmon.jpg Graphic file (type jpg)
<use Imagenes/enfoque-inmon.jpg>
Package pdftex.def Info: Imagenes/enfoque-inmon.jpg  used on input line 169.
(pdftex.def)             Requested size: 199.16321pt x 142.26192pt.

Overfull \hbox (14.16093pt too wide) in paragraph at lines 169--170
[][] 
 []

<Imagenes/enfoque-kimball.jpg, id=54, 571.13374pt x 330.23375pt>
File: Imagenes/enfoque-kimball.jpg Graphic file (type jpg)
<use Imagenes/enfoque-kimball.jpg>
Package pdftex.def Info: Imagenes/enfoque-kimball.jpg  used on input line 177.
(pdftex.def)             Requested size: 199.16776pt x 142.26984pt.

Underfull \hbox (badness 2253) in paragraph at lines 173--180
\T1/pplx/m/n/10 (+20) de to-dos los Data Marts den-tro de
 []


Underfull \hbox (badness 2932) in paragraph at lines 173--180
\T1/pplx/m/n/10 (+20) acuerdo al Mod-elo Di-men-sional (no
 []


Underfull \hbox (badness 2302) in paragraph at lines 173--180
\T1/pplx/m/n/10 (+20) nor-mal-izado), que in-cluye, como ya
 []


Underfull \hbox (badness 10000) in paragraph at lines 173--180

 []


Underfull \hbox (badness 2653) in paragraph at lines 173--180
\T1/pplx/m/n/10 (+20) cita-dos a traves de las di-men-siones
 []


Underfull \hbox (badness 3679) in paragraph at lines 173--180
\T1/pplx/m/n/10 (+20) con-for-madas (que per-miten que los
 []


Underfull \hbox (badness 1655) in paragraph at lines 173--180
\T1/pplx/m/n/10 (+20) di-men-sión cliente, que in-cluye to-dos
 []


Underfull \hbox (badness 1377) in paragraph at lines 173--180
\T1/pplx/m/n/10 (+20) los atrib-u-tos o el-e-men-tos de anal-i-sis
 []


Underfull \hbox (badness 1038) in paragraph at lines 173--180
\T1/pplx/m/n/10 (+20) com-par-tida por difer-entes data marts
 []


Overfull \hbox (14.16548pt too wide) in paragraph at lines 173--180
[] 
 []


Underfull \hbox (badness 1019) in paragraph at lines 173--180
\T1/pplx/m/n/10 (+20) im-ple-men-tar, pues pode-mos con-struir
 []


Underfull \vbox (badness 10000) has occurred while \output is active []

 [3 <./Imagenes/enfoque-inmon.jpg>]
Underfull \hbox (badness 10000) in paragraph at lines 181--187

 []


Underfull \hbox (badness 3029) in paragraph at lines 181--187
\T1/pplx/b/n/10 Centrarse en el ne-go-cio: \T1/pplx/m/n/10 (+20) Hay que
 []


Underfull \hbox (badness 4634) in paragraph at lines 181--187
\T1/pplx/m/n/10 (+20) con-cen-trarse en la iden-ti-fi-cación de
 []


Underfull \hbox (badness 1960) in paragraph at lines 181--187
\T1/pplx/m/n/10 (+20) los re-quer-im-ien-tos del ne-go-cio y su
 []


Underfull \hbox (badness 10000) in paragraph at lines 181--187

 []


Underfull \hbox (badness 3000) in paragraph at lines 181--187
\T1/pplx/b/n/10 Construir una in-fraestruc-tura de in-
 []


Underfull \hbox (badness 10000) in paragraph at lines 181--187

 []


Underfull \hbox (badness 10000) in paragraph at lines 181--187
\T1/pplx/b/n/10 Realizar en-tre-gas en in-cre-men-tos
 []


Underfull \hbox (badness 2401) in paragraph at lines 181--187
\T1/pplx/m/n/10 (+20) (DW) en in-cre-men-tos en-tre-gables en
 []


Underfull \hbox (badness 10000) in paragraph at lines 181--187

 []


Underfull \hbox (badness 3815) in paragraph at lines 181--187
\T1/pplx/b/n/10 Ofrecer la solu-ción com-pleta: \T1/pplx/m/n/10 (+20) pro-
 []


Underfull \hbox (badness 10000) in paragraph at lines 181--187

 []


Underfull \hbox (badness 10000) in paragraph at lines 181--187

 []

<Imagenes/ciclodevidakimball.png, id=60, 883.80188pt x 461.47406pt>
File: Imagenes/ciclodevidakimball.png Graphic file (type png)
<use Imagenes/ciclodevidakimball.png>
Package pdftex.def Info: Imagenes/ciclodevidakimball.png  used on input line 18
8.
(pdftex.def)             Requested size: 199.15701pt x 142.25978pt.

Overfull \hbox (14.15474pt too wide) in paragraph at lines 188--189
[][] 
 []


Underfull \hbox (badness 10000) in paragraph at lines 191--192

 []

[4 <./Imagenes/enfoque-kimball.jpg> <./Imagenes/ciclodevidakimball.png>]
<Imagenes/img.png, id=68, 435.87843pt x 238.64156pt>
File: Imagenes/img.png Graphic file (type png)
<use Imagenes/img.png>
Package pdftex.def Info: Imagenes/img.png  used on input line 219.
(pdftex.def)             Requested size: 199.16966pt x 142.26112pt.

Overfull \hbox (14.16739pt too wide) in paragraph at lines 219--220
[][] 
 []


Underfull \hbox (badness 10000) in paragraph at lines 222--223

 []

<Imagenes/img2.png, id=69, 500.62032pt x 233.37187pt>
File: Imagenes/img2.png Graphic file (type png)
<use Imagenes/img2.png>
Package pdftex.def Info: Imagenes/img2.png  used on input line 237.
(pdftex.def)             Requested size: 199.1675pt x 142.2676pt.

Overfull \hbox (14.16522pt too wide) in paragraph at lines 237--238
[][] 
 []


Underfull \hbox (badness 10000) in paragraph at lines 240--241

 []


Underfull \hbox (badness 10000) in paragraph at lines 250--252
[]\T1/pplx/b/n/10 Tecnología (Camino Su-pe-rior)\T1/pplx/m/n/10 (+20) .
 []


Underfull \hbox (badness 6110) in paragraph at lines 250--252
\T1/pplx/m/n/10 (+20) Im-plica tar-eas rela-cionadas con
 []


Underfull \hbox (badness 2277) in paragraph at lines 250--252
\T1/pplx/m/n/10 (+20) soft-ware es-pecí-fico, por ejem-plo,
 []


Underfull \hbox (badness 10000) in paragraph at lines 250--252

 []


Underfull \hbox (badness 1072) in paragraph at lines 253--257
[]\T1/pplx/b/n/10 Datos (Camino del medio)\T1/pplx/m/n/10 (+20) . En
 []


Underfull \hbox (badness 3590) in paragraph at lines 253--257
\T1/pplx/m/n/10 (+20) la misma dis-eñare-mos e im-ple-
 []


Underfull \hbox (badness 10000) in paragraph at lines 253--257

 []

[5 <./Imagenes/img.png> <./Imagenes/img2.png>]
<Imagenes/img3.png, id=76, 983.17313pt x 526.96875pt>
File: Imagenes/img3.png Graphic file (type png)
<use Imagenes/img3.png>
Package pdftex.def Info: Imagenes/img3.png  used on input line 270.
(pdftex.def)             Requested size: 199.16647pt x 142.26738pt.

Overfull \hbox (14.1642pt too wide) in paragraph at lines 270--271
[][] 
 []


Underfull \hbox (badness 10000) in paragraph at lines 275--279

 []


Underfull \hbox (badness 1406) in paragraph at lines 275--279
\T1/pplx/b/n/10 Modelo di-men-sional: \T1/pplx/m/n/10 (+20) es un pro-ceso
 []

<Imagenes/2.png, id=77, 308.65312pt x 261.97874pt>
File: Imagenes/2.png Graphic file (type png)
<use Imagenes/2.png>
Package pdftex.def Info: Imagenes/2.png  used on input line 288.
(pdftex.def)             Requested size: 227.62733pt x 170.71988pt.

Underfull \hbox (badness 2073) in paragraph at lines 287--289
\T1/pplx/m/n/10 (+20) de-nom-i-nado mod-elo di-men-sional
 []


Overfull \hbox (64.62506pt too wide) in paragraph at lines 287--289
[] 
 []


Underfull \hbox (badness 7151) in paragraph at lines 292--293
[]\T1/pplx/m/n/10 (+20) ¾Cómo puede de-ter-mi-nar cuán
 []

[6 <./Imagenes/img3.png> <./Imagenes/2.png>]
Underfull \hbox (badness 2790) in paragraph at lines 307--309
\T1/pplx/m/n/10 (+20) Mientras que al-gunos miem-bros del
 []


Underfull \hbox (badness 5878) in paragraph at lines 358--359
\T1/pplx/m/n/10 (+20) and Data Qual-ity, Reduper-ado de:
 []

Package atveryend Info: Empty hook `BeforeClearDocument' on input line 373.
[7pdfTeX warning (ext4): destination with the same identifier (name{cite.}) has
 been already used, duplicate ignored

\AtBegShi@Output ...ipout \box \AtBeginShipoutBox 
                                                  \fi \fi 
l.373 \end{document}
                    pdfTeX warning (ext4): destination with the same identifier
 (name{cite.}) has been already used, duplicate ignored

\AtBegShi@Output ...ipout \box \AtBeginShipoutBox 
                                                  \fi \fi 
l.373 \end{document}
                    pdfTeX warning (ext4): destination with the same identifier
 (name{cite.}) has been already used, duplicate ignored

\AtBegShi@Output ...ipout \box \AtBeginShipoutBox 
                                                  \fi \fi 
l.373 \end{document}
                    ]
Package atveryend Info: Empty hook `AfterLastShipout' on input line 373.
 (articulo.aux)
Package atveryend Info: Executing hook `AtVeryEndDocument' on input line 373.
Package atveryend Info: Executing hook `AtEndAfterFileList' on input line 373.
Package rerunfilecheck Info: File `articulo.out' has not changed.
(rerunfilecheck)             Checksum: 914D946B80C36B36836A66DDA35E98B0;326.


LaTeX Font Warning: Some font shapes were not available, defaults substituted.


LaTeX Warning: There were multiply-defined labels.

Package atveryend Info: Empty hook `AtVeryVeryEnd' on input line 373.
 ) 
Here is how much of TeX's memory you used:
 10623 strings out of 492946
 159906 string characters out of 3143048
 305687 words of memory out of 3000000
 14086 multiletter control sequences out of 15000+200000
 57501 words of font info for 239 fonts, out of 3000000 for 9000
 1141 hyphenation exceptions out of 8191
 37i,13n,43p,811b,576s stack positions out of 5000i,500n,10000p,200000b,50000s
{D:/miktext/fonts/enc/dvips/base/8r.enc}<D:/miktext/fonts/type1/public/amsfon
ts/cm/cmsy10.pfb><D:/miktext/fonts/type1/public/fpl/fplrc8a.pfb><D:/miktext/fon
ts/type1/urw/palatino/uplb8a.pfb><D:/miktext/fonts/type1/urw/palatino/uplr8a.pf
b><D:/miktext/fonts/type1/urw/palatino/uplri8a.pfb>
Output written on articulo.pdf (7 pages, 716741 bytes).
PDF statistics:
 119 PDF objects out of 1000 (max. 8388607)
 30 named destinations out of 1000 (max. 500000)
 46177 words of extra memory for PDF output out of 51595 (max. 10000000)

